[01:44:15] [ServerMain/INFO]: Environment: authHost='https://authserver.mojang.com', accountsHost='https://api.mojang.com', sessionHost='https://sessionserver.mojang.com', servicesHost='https://api.minecraftservices.com', name='PROD'
[01:44:19] [ServerMain/WARN]: Ambiguity between arguments [teleport, location] and [teleport, destination] with inputs: [0.1 -0.5 .9, 0 0 0]
[01:44:19] [ServerMain/WARN]: Ambiguity between arguments [teleport, location] and [teleport, targets] with inputs: [0.1 -0.5 .9, 0 0 0]
[01:44:19] [ServerMain/WARN]: Ambiguity between arguments [teleport, destination] and [teleport, targets] with inputs: [Player, 0123, @e, dd12be42-52a9-4a91-a8a1-11c01849e498]
[01:44:19] [ServerMain/WARN]: Ambiguity between arguments [teleport, targets] and [teleport, destination] with inputs: [Player, 0123, dd12be42-52a9-4a91-a8a1-11c01849e498]
[01:44:19] [ServerMain/WARN]: Ambiguity between arguments [teleport, targets, location] and [teleport, targets, destination] with inputs: [0.1 -0.5 .9, 0 0 0]
[01:44:20] [Worker-Main-13/INFO]: Loaded 7 recipes
[01:44:21] [Worker-Main-13/INFO]: Loaded 1141 advancements
[01:44:23] [Server thread/INFO]: Starting minecraft server version 1.18.2
[01:44:23] [Server thread/INFO]: Loading properties
[01:44:23] [Server thread/WARN]: Invalid sha1 for ressource-pack-sha1
[01:44:23] [Server thread/INFO]: Default game type: SURVIVAL
[01:44:23] [Server thread/INFO]: Generating keypair
[01:44:24] [Server thread/INFO]: Starting Minecraft server on *:25565
[01:44:24] [Server thread/INFO]: Using epoll channel type
[01:44:24] [Server thread/WARN]: **** SERVER IS RUNNING IN OFFLINE/INSECURE MODE!
[01:44:24] [Server thread/WARN]: The server will make no attempt to authenticate usernames. Beware.
[01:44:24] [Server thread/WARN]: While this makes the game possible to play without internet access, it also opens up the ability for hackers to connect with any username they choose.
[01:44:24] [Server thread/WARN]: To change this, set "online-mode" to "true" in the server.properties file.
[01:44:24] [Server thread/INFO]: Preparing level "world"
[01:44:24] [Server thread/INFO]: Preparing start region for dimension minecraft:overworld
[01:44:26] [Worker-Main-14/INFO]: Preparing spawn area: 0%
[01:44:26] [Worker-Main-14/INFO]: Preparing spawn area: 0%
[01:44:26] [Worker-Main-14/INFO]: Preparing spawn area: 0%
[01:44:26] [Worker-Main-10/INFO]: Preparing spawn area: 0%
[01:44:26] [Worker-Main-12/INFO]: Preparing spawn area: 0%
[01:44:27] [Worker-Main-8/INFO]: Preparing spawn area: 0%
[01:44:27] [Worker-Main-11/INFO]: Preparing spawn area: 0%
[01:44:28] [Worker-Main-12/INFO]: Preparing spawn area: 0%
[01:44:28] [Worker-Main-8/INFO]: Preparing spawn area: 0%
[01:44:29] [Worker-Main-12/INFO]: Preparing spawn area: 0%
[01:44:30] [Worker-Main-12/INFO]: Preparing spawn area: 0%
[01:44:30] [Worker-Main-8/INFO]: Preparing spawn area: 0%
[01:44:30] [Worker-Main-14/INFO]: Preparing spawn area: 0%
[01:44:31] [Worker-Main-8/INFO]: Preparing spawn area: 1%
[01:44:31] [Worker-Main-12/INFO]: Preparing spawn area: 4%
[01:44:32] [Worker-Main-10/INFO]: Preparing spawn area: 8%
[01:44:32] [Worker-Main-11/INFO]: Preparing spawn area: 10%
[01:44:33] [Worker-Main-10/INFO]: Preparing spawn area: 12%
[01:44:33] [Worker-Main-12/INFO]: Preparing spawn area: 24%
[01:44:34] [Worker-Main-12/INFO]: Preparing spawn area: 35%
[01:44:34] [Worker-Main-12/INFO]: Preparing spawn area: 54%
[01:44:35] [Worker-Main-12/INFO]: Preparing spawn area: 72%
[01:44:36] [Server thread/INFO]: Time elapsed: 11820 ms
[01:44:36] [Server thread/INFO]: Done (12.082s)! For help, type "help"
[01:45:25] [Server thread/INFO]: fabriciofkt157[/143.208.42.132:55002] logged in with entity id 330 at (15.5, 115.0, 9.5)
[01:45:25] [Server thread/INFO]: fabriciofkt157 joined the game
[01:51:59] [Server thread/INFO]: [fabriciofkt157: Set the time to 1000]
[01:54:10] [Server thread/INFO]: [fabriciofkt157: Teleported fabriciofkt157 to -11.000000, 109.000000, 2.000000]
[01:56:28] [Server thread/INFO]: fabriciofkt157 has made the advancement [We Need to Go Deeper]
[01:56:29] [Server thread/WARN]: Can't keep up! Is the server overloaded? Running 2244ms or 44 ticks behind
[01:57:47] [Server thread/INFO]: [fabriciofkt157: Gamerule keepInventory is now set to: true]
[02:12:02] [Server thread/INFO]: [fabriciofkt157: Set the time to 1000]
[02:21:29] [Server thread/INFO]: [fabriciofkt157: Set the time to 1000]
[02:30:52] [Server thread/INFO]: fabriciofkt157 lost connection: Disconnected
[02:30:52] [Server thread/INFO]: fabriciofkt157 left the game
[02:31:45] [Server thread/INFO]: Stopping the server
[02:31:45] [Server thread/INFO]: Stopping server
[02:31:45] [Server thread/INFO]: Saving players
[02:31:45] [Server thread/INFO]: Saving worlds
[02:31:47] [Server thread/INFO]: Saving chunks for level 'ServerLevel[world]'/minecraft:overworld
[02:31:47] [Server thread/INFO]: Saving chunks for level 'ServerLevel[world]'/minecraft:the_end
[02:31:47] [Server thread/INFO]: Saving chunks for level 'ServerLevel[world]'/minecraft:the_nether
[02:31:47] [Server thread/INFO]: ThreadedAnvilChunkStorage (world): All chunks are saved
[02:31:47] [Server thread/INFO]: ThreadedAnvilChunkStorage (DIM1): All chunks are saved
[02:31:47] [Server thread/INFO]: ThreadedAnvilChunkStorage (DIM-1): All chunks are saved
[02:31:47] [Server thread/INFO]: ThreadedAnvilChunkStorage: All dimensions are saved
